<?xml version="1.0" encoding="UTF-8"?>
<testng-results ignored="0" total="2" passed="2" failed="0" skipped="0">
  <reporter-output>
    <line>
      <![CDATA[Before suite]]>
    </line>
    <line>
      <![CDATA[configuring reports]]>
    </line>
    <line>
      <![CDATA[Before Test]]>
    </line>
    <line>
      <![CDATA[Before Class]]>
    </line>
    <line>
      <![CDATA[Launch browser, maximize and load Url]]>
    </line>
    <line>
      <![CDATA[Before method]]>
    </line>
    <line>
      <![CDATA[Login]]>
    </line>
    <line>
      <![CDATA[After method]]>
    </line>
    <line>
      <![CDATA[logout]]>
    </line>
    <line>
      <![CDATA[Before method]]>
    </line>
    <line>
      <![CDATA[Login]]>
    </line>
    <line>
      <![CDATA[After method]]>
    </line>
    <line>
      <![CDATA[logout]]>
    </line>
    <line>
      <![CDATA[After Class]]>
    </line>
    <line>
      <![CDATA[Close the browser and end the session]]>
    </line>
    <line>
      <![CDATA[After Test]]>
    </line>
    <line>
      <![CDATA[After Suite]]>
    </line>
    <line>
      <![CDATA[flush the report]]>
    </line>
  </reporter-output>
  <suite started-at="2024-05-11T15:18:05 IST" name="Default suite" finished-at="2024-05-11T15:18:17 IST" duration-ms="11727">
    <groups>
    </groups>
    <test started-at="2024-05-11T15:18:05 IST" name="Default test" finished-at="2024-05-11T15:18:17 IST" duration-ms="11727">
      <class name="Test2">
        <test-method is-config="true" signature="beforeSuite()[pri:0, instance:Test2@1a18644]" started-at="2024-05-11T15:18:05 IST" name="beforeSuite" finished-at="2024-05-11T15:18:05 IST" duration-ms="213" status="PASS">
          <reporter-output>
            <line>
              <![CDATA[Before suite]]>
            </line>
            <line>
              <![CDATA[configuring reports]]>
            </line>
          </reporter-output>
        </test-method> <!-- beforeSuite -->
        <test-method is-config="true" signature="beforeTest()[pri:0, instance:Test2@1a18644]" started-at="2024-05-11T15:18:05 IST" name="beforeTest" finished-at="2024-05-11T15:18:05 IST" duration-ms="0" status="PASS">
          <reporter-output>
            <line>
              <![CDATA[Before Test]]>
            </line>
          </reporter-output>
        </test-method> <!-- beforeTest -->
        <test-method is-config="true" signature="beforeClass(java.lang.String)[pri:0, instance:Test2@1a18644]" started-at="2024-05-11T15:18:05 IST" name="beforeClass" finished-at="2024-05-11T15:18:11 IST" duration-ms="5695" status="PASS">
          <params>
            <param index="0">
              <value>
                <![CDATA[chrome]]>
              </value>
            </param>
          </params>
          <reporter-output>
            <line>
              <![CDATA[Before Class]]>
            </line>
            <line>
              <![CDATA[Launch browser, maximize and load Url]]>
            </line>
          </reporter-output>
        </test-method> <!-- beforeClass -->
        <test-method is-config="true" signature="beforemethod()[pri:0, instance:Test2@1a18644]" started-at="2024-05-11T15:18:11 IST" name="beforemethod" finished-at="2024-05-11T15:18:13 IST" duration-ms="1883" status="PASS">
          <reporter-output>
            <line>
              <![CDATA[Before method]]>
            </line>
            <line>
              <![CDATA[Login]]>
            </line>
          </reporter-output>
        </test-method> <!-- beforemethod -->
        <test-method signature="test1()[pri:0, instance:Test2@1a18644]" started-at="2024-05-11T15:18:13 IST" name="test1" finished-at="2024-05-11T15:18:13 IST" duration-ms="14" status="PASS">
          <reporter-output>
          </reporter-output>
        </test-method> <!-- test1 -->
        <test-method is-config="true" signature="aftermethod()[pri:0, instance:Test2@1a18644]" started-at="2024-05-11T15:18:13 IST" name="aftermethod" finished-at="2024-05-11T15:18:14 IST" duration-ms="909" status="PASS">
          <reporter-output>
            <line>
              <![CDATA[After method]]>
            </line>
            <line>
              <![CDATA[logout]]>
            </line>
          </reporter-output>
        </test-method> <!-- aftermethod -->
        <test-method is-config="true" signature="beforemethod()[pri:0, instance:Test2@1a18644]" started-at="2024-05-11T15:18:14 IST" name="beforemethod" finished-at="2024-05-11T15:18:16 IST" duration-ms="1950" status="PASS">
          <reporter-output>
            <line>
              <![CDATA[Before method]]>
            </line>
            <line>
              <![CDATA[Login]]>
            </line>
          </reporter-output>
        </test-method> <!-- beforemethod -->
        <test-method signature="test2()[pri:0, instance:Test2@1a18644]" started-at="2024-05-11T15:18:16 IST" name="test2" finished-at="2024-05-11T15:18:16 IST" duration-ms="2" status="PASS">
          <reporter-output>
          </reporter-output>
        </test-method> <!-- test2 -->
        <test-method is-config="true" signature="aftermethod()[pri:0, instance:Test2@1a18644]" started-at="2024-05-11T15:18:16 IST" name="aftermethod" finished-at="2024-05-11T15:18:17 IST" duration-ms="930" status="PASS">
          <reporter-output>
            <line>
              <![CDATA[After method]]>
            </line>
            <line>
              <![CDATA[logout]]>
            </line>
          </reporter-output>
        </test-method> <!-- aftermethod -->
        <test-method is-config="true" signature="afterClass()[pri:0, instance:Test2@1a18644]" started-at="2024-05-11T15:18:17 IST" name="afterClass" finished-at="2024-05-11T15:18:17 IST" duration-ms="303" status="PASS">
          <reporter-output>
            <line>
              <![CDATA[After Class]]>
            </line>
            <line>
              <![CDATA[Close the browser and end the session]]>
            </line>
          </reporter-output>
        </test-method> <!-- afterClass -->
        <test-method is-config="true" signature="afterTest()[pri:0, instance:Test2@1a18644]" started-at="2024-05-11T15:18:17 IST" name="afterTest" finished-at="2024-05-11T15:18:17 IST" duration-ms="1" status="PASS">
          <reporter-output>
            <line>
              <![CDATA[After Test]]>
            </line>
          </reporter-output>
        </test-method> <!-- afterTest -->
        <test-method is-config="true" signature="afterSuite()[pri:0, instance:Test2@1a18644]" started-at="2024-05-11T15:18:17 IST" name="afterSuite" finished-at="2024-05-11T15:18:18 IST" duration-ms="563" status="PASS">
          <reporter-output>
            <line>
              <![CDATA[After Suite]]>
            </line>
            <line>
              <![CDATA[flush the report]]>
            </line>
          </reporter-output>
        </test-method> <!-- afterSuite -->
      </class> <!-- Test2 -->
    </test> <!-- Default test -->
  </suite> <!-- Default suite -->
</testng-results>
